Using pre-set license
Built from '2021.3/staging' branch; Version is '2021.3.2f1 (d6360bedb9a0) revision 14038539'; Using compiler version '192829333'; Build Type 'Release'
OS: 'Windows 10  (10.0.19044) 64bit Professional' Language: 'en' Physical Memory: 16344 MB
BatchMode: 1, IsHumanControllingUs: 0, StartBugReporterOnCrash: 0, Is64bit: 1, IsPro: 1

COMMAND LINE ARGUMENTS:
H:\GameDev\Unity Editors\2021.3.2f1\Editor\Unity.exe
-adb2
-batchMode
-noUpm
-name
AssetImportWorker0
-projectPath
H:/GameDev/Unity Projects/markerbasedAR
-logFile
Logs/AssetImportWorker0.log
-srvPort
55182
Successfully changed project path to: H:/GameDev/Unity Projects/markerbasedAR
H:/GameDev/Unity Projects/markerbasedAR
[UnityMemory] Configuration Parameters - Can be set up in boot.config
    "memorysetup-bucket-allocator-granularity=16"
    "memorysetup-bucket-allocator-bucket-count=8"
    "memorysetup-bucket-allocator-block-size=33554432"
    "memorysetup-bucket-allocator-block-count=8"
    "memorysetup-main-allocator-block-size=16777216"
    "memorysetup-thread-allocator-block-size=16777216"
    "memorysetup-gfx-main-allocator-block-size=16777216"
    "memorysetup-gfx-thread-allocator-block-size=16777216"
    "memorysetup-cache-allocator-block-size=4194304"
    "memorysetup-typetree-allocator-block-size=2097152"
    "memorysetup-profiler-bucket-allocator-granularity=16"
    "memorysetup-profiler-bucket-allocator-bucket-count=8"
    "memorysetup-profiler-bucket-allocator-block-size=33554432"
    "memorysetup-profiler-bucket-allocator-block-count=8"
    "memorysetup-profiler-allocator-block-size=16777216"
    "memorysetup-profiler-editor-allocator-block-size=1048576"
    "memorysetup-temp-allocator-size-main=16777216"
    "memorysetup-job-temp-allocator-block-size=2097152"
    "memorysetup-job-temp-allocator-block-size-background=1048576"
    "memorysetup-job-temp-allocator-reduction-small-platforms=262144"
    "memorysetup-temp-allocator-size-background-worker=32768"
    "memorysetup-temp-allocator-size-job-worker=262144"
    "memorysetup-temp-allocator-size-preload-manager=33554432"
    "memorysetup-temp-allocator-size-nav-mesh-worker=65536"
    "memorysetup-temp-allocator-size-audio-worker=65536"
    "memorysetup-temp-allocator-size-cloud-worker=32768"
    "memorysetup-temp-allocator-size-gi-baking-worker=262144"
    "memorysetup-temp-allocator-size-gfx=262144"
Refreshing native plugins compatible for Editor in 106.16 ms, found 9 plugins.
Preloading 0 native plugins for Editor in 0.00 ms.
Initialize engine version: 2021.3.2f1 (d6360bedb9a0)
[Subsystems] Discovering subsystems at path H:/GameDev/Unity Editors/2021.3.2f1/Editor/Data/Resources/UnitySubsystems
[Subsystems] Discovering subsystems at path H:/GameDev/Unity Projects/markerbasedAR/Assets
GfxDevice: creating device client; threaded=0; jobified=0
Direct3D:
    Version:  Direct3D 11.0 [level 11.1]
    Renderer: NVIDIA GeForce RTX 3050 (ID=0x2507)
    Vendor:   NVIDIA
    VRAM:     8070 MB
    Driver:   31.0.15.1659
Initialize mono
Mono path[0] = 'H:/GameDev/Unity Editors/2021.3.2f1/Editor/Data/Managed'
Mono path[1] = 'H:/GameDev/Unity Editors/2021.3.2f1/Editor/Data/MonoBleedingEdge/lib/mono/unityjit-win32'
Mono config path = 'H:/GameDev/Unity Editors/2021.3.2f1/Editor/Data/MonoBleedingEdge/etc'
Using monoOptions --debugger-agent=transport=dt_socket,embedding=1,server=y,suspend=n,address=127.0.0.1:56772
Begin MonoManager ReloadAssembly
Registering precompiled unity dll's ...
Register platform support module: H:/GameDev/Unity Editors/2021.3.2f1/Editor/Data/PlaybackEngines/AndroidPlayer/UnityEditor.Android.Extensions.dll
Register platform support module: H:/GameDev/Unity Editors/2021.3.2f1/Editor/Data/PlaybackEngines/WindowsStandaloneSupport/UnityEditor.WindowsStandalone.Extensions.dll
Registered in 0.003697 seconds.
Native extension for WindowsStandalone target not found
Native extension for Android target not found
Refreshing native plugins compatible for Editor in 93.32 ms, found 9 plugins.
Preloading 0 native plugins for Editor in 0.00 ms.
Mono: successfully reloaded assembly
- Completed reload, in  0.617 seconds
Domain Reload Profiling:
	ReloadAssembly (618ms)
		BeginReloadAssembly (66ms)
			ExecutionOrderSort (0ms)
			DisableScriptedObjects (0ms)
			BackupInstance (0ms)
			ReleaseScriptingObjects (0ms)
			CreateAndSetChildDomain (1ms)
		EndReloadAssembly (454ms)
			LoadAssemblies (66ms)
			RebuildTransferFunctionScriptingTraits (0ms)
			SetupTypeCache (104ms)
			ReleaseScriptCaches (0ms)
			RebuildScriptCaches (27ms)
			SetupLoadedEditorAssemblies (278ms)
				LogAssemblyErrors (0ms)
				InitializePlatformSupportModulesInManaged (51ms)
				SetLoadedEditorAssemblies (0ms)
				RefreshPlugins (93ms)
				BeforeProcessingInitializeOnLoad (1ms)
				ProcessInitializeOnLoadAttributes (91ms)
				ProcessInitializeOnLoadMethodAttributes (42ms)
				AfterProcessingInitializeOnLoad (0ms)
				EditorAssembliesLoaded (0ms)
			ExecutionOrderSort2 (0ms)
			AwakeInstancesAfterBackupRestoration (0ms)
Platform modules already initialized, skipping
Registering precompiled user dll's ...
Registered in 0.006221 seconds.
Begin MonoManager ReloadAssembly
Symbol file LoadedFromMemory doesn't match image H:\GameDev\Unity Projects\markerbasedAR\Library\PackageCache\com.unity.visualscripting@1.7.6\Editor\VisualScripting.Core\Dependencies\DotNetZip\Unity.VisualScripting.IonicZip.dll
Symbol file LoadedFromMemory doesn't match image H:\GameDev\Unity Projects\markerbasedAR\Library\PackageCache\com.unity.visualscripting@1.7.6\Editor\VisualScripting.Core\Dependencies\YamlDotNet\Unity.VisualScripting.YamlDotNet.dll
Native extension for WindowsStandalone target not found
Native extension for Android target not found
Refreshing native plugins compatible for Editor in 95.37 ms, found 9 plugins.
Preloading 0 native plugins for Editor in 0.00 ms.
Package Manager log level set to [2]
Mono: successfully reloaded assembly
- Completed reload, in  1.330 seconds
Domain Reload Profiling:
	ReloadAssembly (1330ms)
		BeginReloadAssembly (218ms)
			ExecutionOrderSort (0ms)
			DisableScriptedObjects (6ms)
			BackupInstance (0ms)
			ReleaseScriptingObjects (0ms)
			CreateAndSetChildDomain (134ms)
		EndReloadAssembly (1012ms)
			LoadAssemblies (83ms)
			RebuildTransferFunctionScriptingTraits (0ms)
			SetupTypeCache (277ms)
			ReleaseScriptCaches (1ms)
			RebuildScriptCaches (59ms)
			SetupLoadedEditorAssemblies (554ms)
				LogAssemblyErrors (0ms)
				InitializePlatformSupportModulesInManaged (11ms)
				SetLoadedEditorAssemblies (0ms)
				RefreshPlugins (95ms)
				BeforeProcessingInitializeOnLoad (108ms)
				ProcessInitializeOnLoadAttributes (310ms)
				ProcessInitializeOnLoadMethodAttributes (26ms)
				AfterProcessingInitializeOnLoad (3ms)
				EditorAssembliesLoaded (0ms)
			ExecutionOrderSort2 (0ms)
			AwakeInstancesAfterBackupRestoration (7ms)
Platform modules already initialized, skipping
========================================================================
Worker process is ready to serve import requests
Launched and connected shader compiler UnityShaderCompiler.exe after 0.06 seconds
Refreshing native plugins compatible for Editor in 0.76 ms, found 9 plugins.
Preloading 0 native plugins for Editor in 0.00 ms.
Unloading 4539 Unused Serialized files (Serialized files now loaded: 0)
Unloading 50 unused Assets / (161.0 KB). Loaded Objects now: 4981.
Memory consumption went from 156.8 MB to 156.6 MB.
Total: 3.633500 ms (FindLiveObjects: 0.583500 ms CreateObjectMapping: 0.518600 ms MarkObjects: 2.404200 ms  DeleteObjects: 0.126300 ms)

AssetImportParameters requested are different than current active one (requested -> active):
  custom:video-decoder-ogg-theora: a1e56fd34408186e4bbccfd4996cb3dc -> 
  custom:container-muxer-webm: aa71ff27fc2769a1b78a27578f13a17b -> 
  custom:container-demuxer-webm: 4f35f7cbe854078d1ac9338744f61a02 -> 
  custom:video-encoder-webm-vp8: eb34c28f22e8b96e1ab97ce403110664 -> 
  custom:audio-encoder-webm-vorbis: bf7c407c2cedff20999df2af8eb42d56 -> 
  custom:framework-win-MediaFoundation: 216162199b28c13a410421893ffa2e32 -> 
  custom:container-demuxer-ogg: 62fdf1f143b41e24485cea50d1cbac27 -> 
  custom:video-decoder-webm-vp8: 9c59270c3fd7afecdb556c50c9e8de78 -> 
  custom:audio-decoder-ogg-vorbis: bf7c407c2cedff20999df2af8eb42d56 -> 
========================================================================
Received Import Request.
  Time since last request: 15531.627505 seconds.
  path: Assets/Game/XR
  artifactKey: Guid(09f6cbef8d4c76f4c96114ae9028cdb4) Importer(815301076,1909f56bfc062723c751e8b465ee728b)
Start importing Assets/Game/XR using Guid(09f6cbef8d4c76f4c96114ae9028cdb4) Importer(815301076,1909f56bfc062723c751e8b465ee728b)  -> (artifact id: 'e7e33033839957de4beff894bca4d0c5') in 0.010221 seconds 
========================================================================
Received Import Request.
  Time since last request: 4.412600 seconds.
  path: Assets/Game/XR/ReferenceImageLibrary.asset
  artifactKey: Guid(7ca9736d6a2f60149a178affad8fc01d) Importer(815301076,1909f56bfc062723c751e8b465ee728b)
Start importing Assets/Game/XR/ReferenceImageLibrary.asset using Guid(7ca9736d6a2f60149a178affad8fc01d) Importer(815301076,1909f56bfc062723c751e8b465ee728b)  -> (artifact id: '54558ecb0004d47d341eaa9a6c30ab71') in 0.060698 seconds 
========================================================================
Received Import Request.
  Time since last request: 26.497457 seconds.
  path: Assets/Game/XR/chrome_2022-07-16_20-03-50.png
  artifactKey: Guid(5f00f2b79fd14c3409d24342bdaf64b4) Importer(815301076,1909f56bfc062723c751e8b465ee728b)
Start importing Assets/Game/XR/chrome_2022-07-16_20-03-50.png using Guid(5f00f2b79fd14c3409d24342bdaf64b4) Importer(815301076,1909f56bfc062723c751e8b465ee728b)  -> (artifact id: 'c6c91a18e8d66fcd8e21932307c71c38') in 0.129955 seconds 
========================================================================
Received Import Request.
  Time since last request: 6.615004 seconds.
  path: Assets/Game/XR/marker.png
  artifactKey: Guid(5f00f2b79fd14c3409d24342bdaf64b4) Importer(815301076,1909f56bfc062723c751e8b465ee728b)
Start importing Assets/Game/XR/marker.png using Guid(5f00f2b79fd14c3409d24342bdaf64b4) Importer(815301076,1909f56bfc062723c751e8b465ee728b)  -> (artifact id: '9c4428dbe263579d8ec5c5d09bec832e') in 0.018819 seconds 
========================================================================
Received Import Request.
  Time since last request: 40.151499 seconds.
  path: Assets/Game/XR/ReferenceImageLibrary.asset
  artifactKey: Guid(7ca9736d6a2f60149a178affad8fc01d) Importer(815301076,1909f56bfc062723c751e8b465ee728b)
Start importing Assets/Game/XR/ReferenceImageLibrary.asset using Guid(7ca9736d6a2f60149a178affad8fc01d) Importer(815301076,1909f56bfc062723c751e8b465ee728b)  -> (artifact id: 'a73243e334ba1896099527b2fcd8ce68') in 0.010923 seconds 
========================================================================
Received Prepare
Registering precompiled user dll's ...
Registered in 0.009996 seconds.
Begin MonoManager ReloadAssembly
Symbol file LoadedFromMemory doesn't match image H:\GameDev\Unity Projects\markerbasedAR\Library\PackageCache\com.unity.visualscripting@1.7.6\Editor\VisualScripting.Core\Dependencies\DotNetZip\Unity.VisualScripting.IonicZip.dll
Symbol file LoadedFromMemory doesn't match image H:\GameDev\Unity Projects\markerbasedAR\Library\PackageCache\com.unity.visualscripting@1.7.6\Editor\VisualScripting.Core\Dependencies\YamlDotNet\Unity.VisualScripting.YamlDotNet.dll
Native extension for WindowsStandalone target not found
Native extension for Android target not found
Refreshing native plugins compatible for Editor in 0.83 ms, found 9 plugins.
Preloading 0 native plugins for Editor in 0.00 ms.
Mono: successfully reloaded assembly
- Completed reload, in  1.046 seconds
Domain Reload Profiling:
	ReloadAssembly (1047ms)
		BeginReloadAssembly (130ms)
			ExecutionOrderSort (0ms)
			DisableScriptedObjects (4ms)
			BackupInstance (0ms)
			ReleaseScriptingObjects (0ms)
			CreateAndSetChildDomain (39ms)
		EndReloadAssembly (834ms)
			LoadAssemblies (78ms)
			RebuildTransferFunctionScriptingTraits (0ms)
			SetupTypeCache (276ms)
			ReleaseScriptCaches (1ms)
			RebuildScriptCaches (38ms)
			SetupLoadedEditorAssemblies (375ms)
				LogAssemblyErrors (0ms)
				InitializePlatformSupportModulesInManaged (18ms)
				SetLoadedEditorAssemblies (0ms)
				RefreshPlugins (1ms)
				BeforeProcessingInitializeOnLoad (76ms)
				ProcessInitializeOnLoadAttributes (248ms)
				ProcessInitializeOnLoadMethodAttributes (28ms)
				AfterProcessingInitializeOnLoad (3ms)
				EditorAssembliesLoaded (0ms)
			ExecutionOrderSort2 (0ms)
			AwakeInstancesAfterBackupRestoration (8ms)
Platform modules already initialized, skipping
Refreshing native plugins compatible for Editor in 3.65 ms, found 9 plugins.
Preloading 0 native plugins for Editor in 0.00 ms.
Unloading 4506 Unused Serialized files (Serialized files now loaded: 0)
Unloading 40 unused Assets / (128.0 KB). Loaded Objects now: 4987.
Memory consumption went from 155.1 MB to 154.9 MB.
Total: 3.184700 ms (FindLiveObjects: 0.289800 ms CreateObjectMapping: 0.235700 ms MarkObjects: 2.549800 ms  DeleteObjects: 0.108700 ms)

AssetImportParameters requested are different than current active one (requested -> active):
  custom:video-decoder-ogg-theora: a1e56fd34408186e4bbccfd4996cb3dc -> 
  custom:container-muxer-webm: aa71ff27fc2769a1b78a27578f13a17b -> 
  custom:container-demuxer-webm: 4f35f7cbe854078d1ac9338744f61a02 -> 
  custom:video-encoder-webm-vp8: eb34c28f22e8b96e1ab97ce403110664 -> 
  custom:audio-encoder-webm-vorbis: bf7c407c2cedff20999df2af8eb42d56 -> 
  custom:framework-win-MediaFoundation: 216162199b28c13a410421893ffa2e32 -> 
  custom:container-demuxer-ogg: 62fdf1f143b41e24485cea50d1cbac27 -> 
  custom:video-decoder-webm-vp8: 9c59270c3fd7afecdb556c50c9e8de78 -> 
  custom:audio-decoder-ogg-vorbis: bf7c407c2cedff20999df2af8eb42d56 -> 
========================================================================
Received Import Request.
  Time since last request: 1493.403144 seconds.
  path: Assets/Game/Scripts/WinView.cs
  artifactKey: Guid(2f1fe9c4dbd260248a16fbc91f650c0b) Importer(815301076,1909f56bfc062723c751e8b465ee728b)
Start importing Assets/Game/Scripts/WinView.cs using Guid(2f1fe9c4dbd260248a16fbc91f650c0b) Importer(815301076,1909f56bfc062723c751e8b465ee728b)  -> (artifact id: 'a2b6ac75a8a11883d31bda329042987a') in 0.022411 seconds 
========================================================================
Received Prepare
Registering precompiled user dll's ...
Registered in 0.006002 seconds.
Begin MonoManager ReloadAssembly
Symbol file LoadedFromMemory doesn't match image H:\GameDev\Unity Projects\markerbasedAR\Library\PackageCache\com.unity.visualscripting@1.7.6\Editor\VisualScripting.Core\Dependencies\DotNetZip\Unity.VisualScripting.IonicZip.dll
Symbol file LoadedFromMemory doesn't match image H:\GameDev\Unity Projects\markerbasedAR\Library\PackageCache\com.unity.visualscripting@1.7.6\Editor\VisualScripting.Core\Dependencies\YamlDotNet\Unity.VisualScripting.YamlDotNet.dll
Native extension for WindowsStandalone target not found
Native extension for Android target not found
Refreshing native plugins compatible for Editor in 0.98 ms, found 9 plugins.
Preloading 0 native plugins for Editor in 0.00 ms.
Mono: successfully reloaded assembly
- Completed reload, in  1.063 seconds
Domain Reload Profiling:
	ReloadAssembly (1064ms)
		BeginReloadAssembly (130ms)
			ExecutionOrderSort (0ms)
			DisableScriptedObjects (4ms)
			BackupInstance (0ms)
			ReleaseScriptingObjects (0ms)
			CreateAndSetChildDomain (38ms)
		EndReloadAssembly (842ms)
			LoadAssemblies (89ms)
			RebuildTransferFunctionScriptingTraits (0ms)
			SetupTypeCache (279ms)
			ReleaseScriptCaches (2ms)
			RebuildScriptCaches (39ms)
			SetupLoadedEditorAssemblies (396ms)
				LogAssemblyErrors (0ms)
				InitializePlatformSupportModulesInManaged (21ms)
				SetLoadedEditorAssemblies (0ms)
				RefreshPlugins (1ms)
				BeforeProcessingInitializeOnLoad (82ms)
				ProcessInitializeOnLoadAttributes (261ms)
				ProcessInitializeOnLoadMethodAttributes (27ms)
				AfterProcessingInitializeOnLoad (3ms)
				EditorAssembliesLoaded (0ms)
			ExecutionOrderSort2 (0ms)
			AwakeInstancesAfterBackupRestoration (6ms)
Platform modules already initialized, skipping
Refreshing native plugins compatible for Editor in 3.60 ms, found 9 plugins.
Preloading 0 native plugins for Editor in 0.00 ms.
Unloading 4507 Unused Serialized files (Serialized files now loaded: 0)
Unloading 40 unused Assets / (127.9 KB). Loaded Objects now: 4992.
Memory consumption went from 155.1 MB to 155.0 MB.
Total: 4.180000 ms (FindLiveObjects: 0.372900 ms CreateObjectMapping: 0.305100 ms MarkObjects: 3.276100 ms  DeleteObjects: 0.224400 ms)

AssetImportParameters requested are different than current active one (requested -> active):
  custom:video-decoder-ogg-theora: a1e56fd34408186e4bbccfd4996cb3dc -> 
  custom:container-muxer-webm: aa71ff27fc2769a1b78a27578f13a17b -> 
  custom:container-demuxer-webm: 4f35f7cbe854078d1ac9338744f61a02 -> 
  custom:video-encoder-webm-vp8: eb34c28f22e8b96e1ab97ce403110664 -> 
  custom:audio-encoder-webm-vorbis: bf7c407c2cedff20999df2af8eb42d56 -> 
  custom:framework-win-MediaFoundation: 216162199b28c13a410421893ffa2e32 -> 
  custom:container-demuxer-ogg: 62fdf1f143b41e24485cea50d1cbac27 -> 
  custom:video-decoder-webm-vp8: 9c59270c3fd7afecdb556c50c9e8de78 -> 
  custom:audio-decoder-ogg-vorbis: bf7c407c2cedff20999df2af8eb42d56 -> 
========================================================================
Received Prepare
Registering precompiled user dll's ...
Registered in 0.012567 seconds.
Begin MonoManager ReloadAssembly
Symbol file LoadedFromMemory doesn't match image H:\GameDev\Unity Projects\markerbasedAR\Library\PackageCache\com.unity.visualscripting@1.7.6\Editor\VisualScripting.Core\Dependencies\DotNetZip\Unity.VisualScripting.IonicZip.dll
Symbol file LoadedFromMemory doesn't match image H:\GameDev\Unity Projects\markerbasedAR\Library\PackageCache\com.unity.visualscripting@1.7.6\Editor\VisualScripting.Core\Dependencies\YamlDotNet\Unity.VisualScripting.YamlDotNet.dll
Native extension for WindowsStandalone target not found
Native extension for Android target not found
Refreshing native plugins compatible for Editor in 0.80 ms, found 9 plugins.
Preloading 0 native plugins for Editor in 0.00 ms.
Mono: successfully reloaded assembly
- Completed reload, in  1.037 seconds
Domain Reload Profiling:
	ReloadAssembly (1038ms)
		BeginReloadAssembly (128ms)
			ExecutionOrderSort (0ms)
			DisableScriptedObjects (4ms)
			BackupInstance (0ms)
			ReleaseScriptingObjects (0ms)
			CreateAndSetChildDomain (40ms)
		EndReloadAssembly (822ms)
			LoadAssemblies (82ms)
			RebuildTransferFunctionScriptingTraits (0ms)
			SetupTypeCache (278ms)
			ReleaseScriptCaches (1ms)
			RebuildScriptCaches (41ms)
			SetupLoadedEditorAssemblies (378ms)
				LogAssemblyErrors (0ms)
				InitializePlatformSupportModulesInManaged (19ms)
				SetLoadedEditorAssemblies (0ms)
				RefreshPlugins (1ms)
				BeforeProcessingInitializeOnLoad (81ms)
				ProcessInitializeOnLoadAttributes (245ms)
				ProcessInitializeOnLoadMethodAttributes (28ms)
				AfterProcessingInitializeOnLoad (3ms)
				EditorAssembliesLoaded (0ms)
			ExecutionOrderSort2 (0ms)
			AwakeInstancesAfterBackupRestoration (6ms)
Platform modules already initialized, skipping
Refreshing native plugins compatible for Editor in 3.62 ms, found 9 plugins.
Preloading 0 native plugins for Editor in 0.00 ms.
Unloading 4507 Unused Serialized files (Serialized files now loaded: 0)
Unloading 40 unused Assets / (128.1 KB). Loaded Objects now: 4996.
Memory consumption went from 155.1 MB to 155.0 MB.
Total: 2.970200 ms (FindLiveObjects: 0.290800 ms CreateObjectMapping: 0.192800 ms MarkObjects: 2.379900 ms  DeleteObjects: 0.105800 ms)

AssetImportParameters requested are different than current active one (requested -> active):
  custom:video-decoder-ogg-theora: a1e56fd34408186e4bbccfd4996cb3dc -> 
  custom:container-muxer-webm: aa71ff27fc2769a1b78a27578f13a17b -> 
  custom:container-demuxer-webm: 4f35f7cbe854078d1ac9338744f61a02 -> 
  custom:video-encoder-webm-vp8: eb34c28f22e8b96e1ab97ce403110664 -> 
  custom:audio-encoder-webm-vorbis: bf7c407c2cedff20999df2af8eb42d56 -> 
  custom:framework-win-MediaFoundation: 216162199b28c13a410421893ffa2e32 -> 
  custom:container-demuxer-ogg: 62fdf1f143b41e24485cea50d1cbac27 -> 
  custom:video-decoder-webm-vp8: 9c59270c3fd7afecdb556c50c9e8de78 -> 
  custom:audio-decoder-ogg-vorbis: bf7c407c2cedff20999df2af8eb42d56 -> 
========================================================================
Received Prepare
Registering precompiled user dll's ...
Registered in 0.012584 seconds.
Begin MonoManager ReloadAssembly
Symbol file LoadedFromMemory doesn't match image H:\GameDev\Unity Projects\markerbasedAR\Library\PackageCache\com.unity.visualscripting@1.7.6\Editor\VisualScripting.Core\Dependencies\DotNetZip\Unity.VisualScripting.IonicZip.dll
Symbol file LoadedFromMemory doesn't match image H:\GameDev\Unity Projects\markerbasedAR\Library\PackageCache\com.unity.visualscripting@1.7.6\Editor\VisualScripting.Core\Dependencies\YamlDotNet\Unity.VisualScripting.YamlDotNet.dll
Native extension for WindowsStandalone target not found
Native extension for Android target not found
Refreshing native plugins compatible for Editor in 1.22 ms, found 9 plugins.
Preloading 0 native plugins for Editor in 0.00 ms.
Mono: successfully reloaded assembly
- Completed reload, in  1.089 seconds
Domain Reload Profiling:
	ReloadAssembly (1090ms)
		BeginReloadAssembly (139ms)
			ExecutionOrderSort (0ms)
			DisableScriptedObjects (4ms)
			BackupInstance (0ms)
			ReleaseScriptingObjects (0ms)
			CreateAndSetChildDomain (43ms)
		EndReloadAssembly (860ms)
			LoadAssemblies (91ms)
			RebuildTransferFunctionScriptingTraits (0ms)
			SetupTypeCache (309ms)
			ReleaseScriptCaches (2ms)
			RebuildScriptCaches (41ms)
			SetupLoadedEditorAssemblies (380ms)
				LogAssemblyErrors (0ms)
				InitializePlatformSupportModulesInManaged (20ms)
				SetLoadedEditorAssemblies (0ms)
				RefreshPlugins (1ms)
				BeforeProcessingInitializeOnLoad (92ms)
				ProcessInitializeOnLoadAttributes (237ms)
				ProcessInitializeOnLoadMethodAttributes (26ms)
				AfterProcessingInitializeOnLoad (3ms)
				EditorAssembliesLoaded (0ms)
			ExecutionOrderSort2 (0ms)
			AwakeInstancesAfterBackupRestoration (6ms)
Platform modules already initialized, skipping
Refreshing native plugins compatible for Editor in 3.48 ms, found 9 plugins.
Preloading 0 native plugins for Editor in 0.00 ms.
Unloading 4507 Unused Serialized files (Serialized files now loaded: 0)
Unloading 40 unused Assets / (128.0 KB). Loaded Objects now: 5000.
Memory consumption went from 155.1 MB to 155.0 MB.
Total: 3.213200 ms (FindLiveObjects: 0.287400 ms CreateObjectMapping: 0.213800 ms MarkObjects: 2.601400 ms  DeleteObjects: 0.109700 ms)

AssetImportParameters requested are different than current active one (requested -> active):
  custom:video-decoder-ogg-theora: a1e56fd34408186e4bbccfd4996cb3dc -> 
  custom:container-muxer-webm: aa71ff27fc2769a1b78a27578f13a17b -> 
  custom:container-demuxer-webm: 4f35f7cbe854078d1ac9338744f61a02 -> 
  custom:video-encoder-webm-vp8: eb34c28f22e8b96e1ab97ce403110664 -> 
  custom:audio-encoder-webm-vorbis: bf7c407c2cedff20999df2af8eb42d56 -> 
  custom:framework-win-MediaFoundation: 216162199b28c13a410421893ffa2e32 -> 
  custom:container-demuxer-ogg: 62fdf1f143b41e24485cea50d1cbac27 -> 
  custom:video-decoder-webm-vp8: 9c59270c3fd7afecdb556c50c9e8de78 -> 
  custom:audio-decoder-ogg-vorbis: bf7c407c2cedff20999df2af8eb42d56 -> 
========================================================================
Received Import Request.
  Time since last request: 1505.799840 seconds.
  path: Assets/Game/XR/chrome_2022-07-16_20-03-50.jpg
  artifactKey: Guid(21a3f58a69b075f48b38300015cf01ea) Importer(815301076,1909f56bfc062723c751e8b465ee728b)
Start importing Assets/Game/XR/chrome_2022-07-16_20-03-50.jpg using Guid(21a3f58a69b075f48b38300015cf01ea) Importer(815301076,1909f56bfc062723c751e8b465ee728b)  -> (artifact id: '11604b945115d25ac7468952be174f58') in 0.062622 seconds 
========================================================================
Received Import Request.
  Time since last request: 4.763236 seconds.
  path: Assets/Game/XR/marker.jpg
  artifactKey: Guid(21a3f58a69b075f48b38300015cf01ea) Importer(815301076,1909f56bfc062723c751e8b465ee728b)
Start importing Assets/Game/XR/marker.jpg using Guid(21a3f58a69b075f48b38300015cf01ea) Importer(815301076,1909f56bfc062723c751e8b465ee728b)  -> (artifact id: 'cc9eff2d71e2ac17cfb2ba95ae5d2522') in 0.016403 seconds 
========================================================================
Received Import Request.
  Time since last request: 40.737393 seconds.
  path: Assets/Game/Prefabs/GameplayPrefab.prefab
  artifactKey: Guid(78ac7ddc6cab4b04bb6eed0d20dbcc22) Importer(815301076,1909f56bfc062723c751e8b465ee728b)
Start importing Assets/Game/Prefabs/GameplayPrefab.prefab using Guid(78ac7ddc6cab4b04bb6eed0d20dbcc22) Importer(815301076,1909f56bfc062723c751e8b465ee728b)  -> (artifact id: '106b390d660994e301bd16f8fbfb81e2') in 0.017151 seconds 
========================================================================
Received Import Request.
  Time since last request: 43.744005 seconds.
  path: Assets/Game/XR/ReferenceImageLibrary.asset
  artifactKey: Guid(7ca9736d6a2f60149a178affad8fc01d) Importer(815301076,1909f56bfc062723c751e8b465ee728b)
Start importing Assets/Game/XR/ReferenceImageLibrary.asset using Guid(7ca9736d6a2f60149a178affad8fc01d) Importer(815301076,1909f56bfc062723c751e8b465ee728b)  -> (artifact id: '20036b015fef75aab1d750249106782b') in 0.016711 seconds 
========================================================================
Received Import Request.
  Time since last request: 5.449092 seconds.
  path: Assets/Game/XR/ReferenceImageLibrary.asset
  artifactKey: Guid(7ca9736d6a2f60149a178affad8fc01d) Importer(815301076,1909f56bfc062723c751e8b465ee728b)
Start importing Assets/Game/XR/ReferenceImageLibrary.asset using Guid(7ca9736d6a2f60149a178affad8fc01d) Importer(815301076,1909f56bfc062723c751e8b465ee728b)  -> (artifact id: '2afa7a1dee607975182f64d650ead9ce') in 0.012025 seconds 
========================================================================
Received Prepare
Registering precompiled user dll's ...
Registered in 0.006170 seconds.
Begin MonoManager ReloadAssembly
Symbol file LoadedFromMemory doesn't match image H:\GameDev\Unity Projects\markerbasedAR\Library\PackageCache\com.unity.visualscripting@1.7.6\Editor\VisualScripting.Core\Dependencies\DotNetZip\Unity.VisualScripting.IonicZip.dll
Symbol file LoadedFromMemory doesn't match image H:\GameDev\Unity Projects\markerbasedAR\Library\PackageCache\com.unity.visualscripting@1.7.6\Editor\VisualScripting.Core\Dependencies\YamlDotNet\Unity.VisualScripting.YamlDotNet.dll
Native extension for WindowsStandalone target not found
Native extension for Android target not found
Refreshing native plugins compatible for Editor in 0.95 ms, found 9 plugins.
Preloading 0 native plugins for Editor in 0.00 ms.
Mono: successfully reloaded assembly
- Completed reload, in  0.982 seconds
Domain Reload Profiling:
	ReloadAssembly (983ms)
		BeginReloadAssembly (128ms)
			ExecutionOrderSort (0ms)
			DisableScriptedObjects (4ms)
			BackupInstance (0ms)
			ReleaseScriptingObjects (0ms)
			CreateAndSetChildDomain (42ms)
		EndReloadAssembly (770ms)
			LoadAssemblies (77ms)
			RebuildTransferFunctionScriptingTraits (0ms)
			SetupTypeCache (264ms)
			ReleaseScriptCaches (1ms)
			RebuildScriptCaches (38ms)
			SetupLoadedEditorAssemblies (350ms)
				LogAssemblyErrors (0ms)
				InitializePlatformSupportModulesInManaged (18ms)
				SetLoadedEditorAssemblies (1ms)
				RefreshPlugins (1ms)
				BeforeProcessingInitializeOnLoad (74ms)
				ProcessInitializeOnLoadAttributes (227ms)
				ProcessInitializeOnLoadMethodAttributes (26ms)
				AfterProcessingInitializeOnLoad (3ms)
				EditorAssembliesLoaded (0ms)
			ExecutionOrderSort2 (0ms)
			AwakeInstancesAfterBackupRestoration (6ms)
Platform modules already initialized, skipping
Refreshing native plugins compatible for Editor in 4.35 ms, found 9 plugins.
Preloading 0 native plugins for Editor in 0.00 ms.
Unloading 4507 Unused Serialized files (Serialized files now loaded: 0)
Unloading 42 unused Assets / (129.0 KB). Loaded Objects now: 5006.
Memory consumption went from 155.2 MB to 155.1 MB.
Total: 4.681300 ms (FindLiveObjects: 0.339400 ms CreateObjectMapping: 0.296400 ms MarkObjects: 3.898800 ms  DeleteObjects: 0.145700 ms)

AssetImportParameters requested are different than current active one (requested -> active):
  custom:video-decoder-ogg-theora: a1e56fd34408186e4bbccfd4996cb3dc -> 
  custom:container-muxer-webm: aa71ff27fc2769a1b78a27578f13a17b -> 
  custom:container-demuxer-webm: 4f35f7cbe854078d1ac9338744f61a02 -> 
  custom:video-encoder-webm-vp8: eb34c28f22e8b96e1ab97ce403110664 -> 
  custom:audio-encoder-webm-vorbis: bf7c407c2cedff20999df2af8eb42d56 -> 
  custom:framework-win-MediaFoundation: 216162199b28c13a410421893ffa2e32 -> 
  custom:container-demuxer-ogg: 62fdf1f143b41e24485cea50d1cbac27 -> 
  custom:video-decoder-webm-vp8: 9c59270c3fd7afecdb556c50c9e8de78 -> 
  custom:audio-decoder-ogg-vorbis: bf7c407c2cedff20999df2af8eb42d56 -> 
========================================================================
Received Prepare
Refreshing native plugins compatible for Editor in 6.45 ms, found 9 plugins.
Preloading 0 native plugins for Editor in 0.00 ms.
Unloading 40 Unused Serialized files (Serialized files now loaded: 0)
Unloading 39 unused Assets / (108.7 KB). Loaded Objects now: 5007.
Memory consumption went from 65.6 MB to 65.5 MB.
Total: 3.220800 ms (FindLiveObjects: 0.292900 ms CreateObjectMapping: 0.196200 ms MarkObjects: 2.634800 ms  DeleteObjects: 0.096200 ms)

AssetImportParameters requested are different than current active one (requested -> active):
  custom:video-decoder-ogg-theora: a1e56fd34408186e4bbccfd4996cb3dc -> 
  custom:container-muxer-webm: aa71ff27fc2769a1b78a27578f13a17b -> 
  custom:container-demuxer-webm: 4f35f7cbe854078d1ac9338744f61a02 -> 
  custom:video-encoder-webm-vp8: eb34c28f22e8b96e1ab97ce403110664 -> 
  custom:audio-encoder-webm-vorbis: bf7c407c2cedff20999df2af8eb42d56 -> 
  custom:framework-win-MediaFoundation: 216162199b28c13a410421893ffa2e32 -> 
  custom:container-demuxer-ogg: 62fdf1f143b41e24485cea50d1cbac27 -> 
  custom:video-decoder-webm-vp8: 9c59270c3fd7afecdb556c50c9e8de78 -> 
  custom:audio-decoder-ogg-vorbis: bf7c407c2cedff20999df2af8eb42d56 -> 
========================================================================
Received Import Request.
  Time since last request: 800.371313 seconds.
  path: Assets/Game/XR/ReferenceImageLibrary.asset
  artifactKey: Guid(7ca9736d6a2f60149a178affad8fc01d) Importer(815301076,1909f56bfc062723c751e8b465ee728b)
Start importing Assets/Game/XR/ReferenceImageLibrary.asset using Guid(7ca9736d6a2f60149a178affad8fc01d) Importer(815301076,1909f56bfc062723c751e8b465ee728b)  -> (artifact id: '49646162393d147045b788e738e536e0') in 0.082575 seconds 
========================================================================
Received Import Request.
  Time since last request: 22.622125 seconds.
  path: Assets/Game/XR/ReferenceImageLibrary.asset
  artifactKey: Guid(7ca9736d6a2f60149a178affad8fc01d) Importer(815301076,1909f56bfc062723c751e8b465ee728b)
Start importing Assets/Game/XR/ReferenceImageLibrary.asset using Guid(7ca9736d6a2f60149a178affad8fc01d) Importer(815301076,1909f56bfc062723c751e8b465ee728b)  -> (artifact id: 'de10dff8e33d167d875ab86396ee5aec') in 0.010317 seconds 
========================================================================
Received Prepare
Refreshing native plugins compatible for Editor in 9.22 ms, found 9 plugins.
Preloading 0 native plugins for Editor in 0.00 ms.
Unloading 39 Unused Serialized files (Serialized files now loaded: 0)
Unloading 39 unused Assets / (108.7 KB). Loaded Objects now: 5007.
Memory consumption went from 65.5 MB to 65.4 MB.
Total: 5.308300 ms (FindLiveObjects: 0.339800 ms CreateObjectMapping: 0.370500 ms MarkObjects: 4.460100 ms  DeleteObjects: 0.136800 ms)

AssetImportParameters requested are different than current active one (requested -> active):
  custom:video-decoder-ogg-theora: a1e56fd34408186e4bbccfd4996cb3dc -> 
  custom:container-muxer-webm: aa71ff27fc2769a1b78a27578f13a17b -> 
  custom:container-demuxer-webm: 4f35f7cbe854078d1ac9338744f61a02 -> 
  custom:video-encoder-webm-vp8: eb34c28f22e8b96e1ab97ce403110664 -> 
  custom:audio-encoder-webm-vorbis: bf7c407c2cedff20999df2af8eb42d56 -> 
  custom:framework-win-MediaFoundation: 216162199b28c13a410421893ffa2e32 -> 
  custom:container-demuxer-ogg: 62fdf1f143b41e24485cea50d1cbac27 -> 
  custom:video-decoder-webm-vp8: 9c59270c3fd7afecdb556c50c9e8de78 -> 
  custom:audio-decoder-ogg-vorbis: bf7c407c2cedff20999df2af8eb42d56 -> 
========================================================================
Received Import Request.
  Time since last request: 64.599625 seconds.
  path: Assets/Game/XR/ReferenceImageLibrary.asset
  artifactKey: Guid(7ca9736d6a2f60149a178affad8fc01d) Importer(815301076,1909f56bfc062723c751e8b465ee728b)
Start importing Assets/Game/XR/ReferenceImageLibrary.asset using Guid(7ca9736d6a2f60149a178affad8fc01d) Importer(815301076,1909f56bfc062723c751e8b465ee728b)  -> (artifact id: '9fd723275270a64a04195f34d1b0199e') in 0.015183 seconds 
========================================================================
Received Import Request.
  Time since last request: 128.949436 seconds.
  path: Assets/Game/XR/ReferenceImageLibrary.asset
  artifactKey: Guid(7ca9736d6a2f60149a178affad8fc01d) Importer(815301076,1909f56bfc062723c751e8b465ee728b)
Start importing Assets/Game/XR/ReferenceImageLibrary.asset using Guid(7ca9736d6a2f60149a178affad8fc01d) Importer(815301076,1909f56bfc062723c751e8b465ee728b)  -> (artifact id: '66ca3a529191601bf1beaa20bda6dfaa') in 0.010993 seconds 
========================================================================
Received Prepare
Refreshing native plugins compatible for Editor in 8.53 ms, found 9 plugins.
Preloading 0 native plugins for Editor in 0.00 ms.
Unloading 39 Unused Serialized files (Serialized files now loaded: 0)
Unloading 39 unused Assets / (108.7 KB). Loaded Objects now: 5007.
Memory consumption went from 65.5 MB to 65.4 MB.
Total: 3.588700 ms (FindLiveObjects: 0.279500 ms CreateObjectMapping: 0.232100 ms MarkObjects: 2.974600 ms  DeleteObjects: 0.101500 ms)

AssetImportParameters requested are different than current active one (requested -> active):
  custom:video-decoder-ogg-theora: a1e56fd34408186e4bbccfd4996cb3dc -> 
  custom:container-muxer-webm: aa71ff27fc2769a1b78a27578f13a17b -> 
  custom:container-demuxer-webm: 4f35f7cbe854078d1ac9338744f61a02 -> 
  custom:video-encoder-webm-vp8: eb34c28f22e8b96e1ab97ce403110664 -> 
  custom:audio-encoder-webm-vorbis: bf7c407c2cedff20999df2af8eb42d56 -> 
  custom:framework-win-MediaFoundation: 216162199b28c13a410421893ffa2e32 -> 
  custom:container-demuxer-ogg: 62fdf1f143b41e24485cea50d1cbac27 -> 
  custom:video-decoder-webm-vp8: 9c59270c3fd7afecdb556c50c9e8de78 -> 
  custom:audio-decoder-ogg-vorbis: bf7c407c2cedff20999df2af8eb42d56 -> 
========================================================================
Received Import Request.
  Time since last request: 26.924833 seconds.
  path: Assets/Game/XR/ReferenceImageLibrary.asset
  artifactKey: Guid(7ca9736d6a2f60149a178affad8fc01d) Importer(815301076,1909f56bfc062723c751e8b465ee728b)
Start importing Assets/Game/XR/ReferenceImageLibrary.asset using Guid(7ca9736d6a2f60149a178affad8fc01d) Importer(815301076,1909f56bfc062723c751e8b465ee728b)  -> (artifact id: 'eb409d98e73bf1822bb1d98468d1f7e5') in 0.016257 seconds 
========================================================================
Received Import Request.
  Time since last request: 91.727186 seconds.
  path: Assets/Game/Prefabs/GameplayPrefab.prefab
  artifactKey: Guid(78ac7ddc6cab4b04bb6eed0d20dbcc22) Importer(815301076,1909f56bfc062723c751e8b465ee728b)
Start importing Assets/Game/Prefabs/GameplayPrefab.prefab using Guid(78ac7ddc6cab4b04bb6eed0d20dbcc22) Importer(815301076,1909f56bfc062723c751e8b465ee728b)  -> (artifact id: '063af11df89ee5e737c8a6ce5ebe342a') in 0.024157 seconds 
========================================================================
Received Import Request.
  Time since last request: 16.937838 seconds.
  path: Assets/Game/Prefabs/GameplayPrefab.prefab
  artifactKey: Guid(78ac7ddc6cab4b04bb6eed0d20dbcc22) Importer(815301076,1909f56bfc062723c751e8b465ee728b)
Start importing Assets/Game/Prefabs/GameplayPrefab.prefab using Guid(78ac7ddc6cab4b04bb6eed0d20dbcc22) Importer(815301076,1909f56bfc062723c751e8b465ee728b)  -> (artifact id: 'd042bf9bdb25fb0ec68561542030fffd') in 0.007102 seconds 
========================================================================
Received Prepare
Refreshing native plugins compatible for Editor in 6.49 ms, found 9 plugins.
Preloading 0 native plugins for Editor in 0.00 ms.
Unloading 39 Unused Serialized files (Serialized files now loaded: 0)
Unloading 41 unused Assets / (109.6 KB). Loaded Objects now: 5007.
Memory consumption went from 65.6 MB to 65.5 MB.
Total: 3.381000 ms (FindLiveObjects: 0.291300 ms CreateObjectMapping: 0.232700 ms MarkObjects: 2.721000 ms  DeleteObjects: 0.134900 ms)

AssetImportParameters requested are different than current active one (requested -> active):
  custom:video-decoder-ogg-theora: a1e56fd34408186e4bbccfd4996cb3dc -> 
  custom:container-muxer-webm: aa71ff27fc2769a1b78a27578f13a17b -> 
  custom:container-demuxer-webm: 4f35f7cbe854078d1ac9338744f61a02 -> 
  custom:video-encoder-webm-vp8: eb34c28f22e8b96e1ab97ce403110664 -> 
  custom:audio-encoder-webm-vorbis: bf7c407c2cedff20999df2af8eb42d56 -> 
  custom:framework-win-MediaFoundation: 216162199b28c13a410421893ffa2e32 -> 
  custom:container-demuxer-ogg: 62fdf1f143b41e24485cea50d1cbac27 -> 
  custom:video-decoder-webm-vp8: 9c59270c3fd7afecdb556c50c9e8de78 -> 
  custom:audio-decoder-ogg-vorbis: bf7c407c2cedff20999df2af8eb42d56 -> 
========================================================================
Received Prepare
Refreshing native plugins compatible for Editor in 8.05 ms, found 9 plugins.
Preloading 0 native plugins for Editor in 0.00 ms.
Unloading 39 Unused Serialized files (Serialized files now loaded: 0)
Unloading 39 unused Assets / (108.6 KB). Loaded Objects now: 5007.
Memory consumption went from 65.6 MB to 65.5 MB.
Total: 4.031900 ms (FindLiveObjects: 0.374800 ms CreateObjectMapping: 0.247000 ms MarkObjects: 3.308600 ms  DeleteObjects: 0.100600 ms)

AssetImportParameters requested are different than current active one (requested -> active):
  custom:video-decoder-ogg-theora: a1e56fd34408186e4bbccfd4996cb3dc -> 
  custom:container-muxer-webm: aa71ff27fc2769a1b78a27578f13a17b -> 
  custom:container-demuxer-webm: 4f35f7cbe854078d1ac9338744f61a02 -> 
  custom:video-encoder-webm-vp8: eb34c28f22e8b96e1ab97ce403110664 -> 
  custom:audio-encoder-webm-vorbis: bf7c407c2cedff20999df2af8eb42d56 -> 
  custom:framework-win-MediaFoundation: 216162199b28c13a410421893ffa2e32 -> 
  custom:container-demuxer-ogg: 62fdf1f143b41e24485cea50d1cbac27 -> 
  custom:video-decoder-webm-vp8: 9c59270c3fd7afecdb556c50c9e8de78 -> 
  custom:audio-decoder-ogg-vorbis: bf7c407c2cedff20999df2af8eb42d56 -> 
========================================================================
Received Prepare
Registering precompiled user dll's ...
Registered in 0.006736 seconds.
Begin MonoManager ReloadAssembly
Symbol file LoadedFromMemory doesn't match image H:\GameDev\Unity Projects\markerbasedAR\Library\PackageCache\com.unity.visualscripting@1.7.6\Editor\VisualScripting.Core\Dependencies\DotNetZip\Unity.VisualScripting.IonicZip.dll
Symbol file LoadedFromMemory doesn't match image H:\GameDev\Unity Projects\markerbasedAR\Library\PackageCache\com.unity.visualscripting@1.7.6\Editor\VisualScripting.Core\Dependencies\YamlDotNet\Unity.VisualScripting.YamlDotNet.dll
Native extension for WindowsStandalone target not found
Native extension for Android target not found
Refreshing native plugins compatible for Editor in 0.86 ms, found 9 plugins.
Preloading 0 native plugins for Editor in 0.00 ms.
Mono: successfully reloaded assembly
- Completed reload, in  1.121 seconds
Domain Reload Profiling:
	ReloadAssembly (1122ms)
		BeginReloadAssembly (133ms)
			ExecutionOrderSort (0ms)
			DisableScriptedObjects (4ms)
			BackupInstance (0ms)
			ReleaseScriptingObjects (0ms)
			CreateAndSetChildDomain (41ms)
		EndReloadAssembly (897ms)
			LoadAssemblies (89ms)
			RebuildTransferFunctionScriptingTraits (0ms)
			SetupTypeCache (295ms)
			ReleaseScriptCaches (1ms)
			RebuildScriptCaches (44ms)
			SetupLoadedEditorAssemblies (391ms)
				LogAssemblyErrors (0ms)
				InitializePlatformSupportModulesInManaged (20ms)
				SetLoadedEditorAssemblies (0ms)
				RefreshPlugins (1ms)
				BeforeProcessingInitializeOnLoad (84ms)
				ProcessInitializeOnLoadAttributes (252ms)
				ProcessInitializeOnLoadMethodAttributes (30ms)
				AfterProcessingInitializeOnLoad (3ms)
				EditorAssembliesLoaded (0ms)
			ExecutionOrderSort2 (0ms)
			AwakeInstancesAfterBackupRestoration (7ms)
Platform modules already initialized, skipping
Refreshing native plugins compatible for Editor in 3.80 ms, found 9 plugins.
Preloading 0 native plugins for Editor in 0.00 ms.
Unloading 4506 Unused Serialized files (Serialized files now loaded: 0)
Unloading 39 unused Assets / (111.1 KB). Loaded Objects now: 5011.
Memory consumption went from 155.1 MB to 155.0 MB.
Total: 3.357200 ms (FindLiveObjects: 0.291800 ms CreateObjectMapping: 0.191100 ms MarkObjects: 2.781600 ms  DeleteObjects: 0.092000 ms)

AssetImportParameters requested are different than current active one (requested -> active):
  custom:video-decoder-ogg-theora: a1e56fd34408186e4bbccfd4996cb3dc -> 
  custom:container-muxer-webm: aa71ff27fc2769a1b78a27578f13a17b -> 
  custom:container-demuxer-webm: 4f35f7cbe854078d1ac9338744f61a02 -> 
  custom:video-encoder-webm-vp8: eb34c28f22e8b96e1ab97ce403110664 -> 
  custom:audio-encoder-webm-vorbis: bf7c407c2cedff20999df2af8eb42d56 -> 
  custom:framework-win-MediaFoundation: 216162199b28c13a410421893ffa2e32 -> 
  custom:container-demuxer-ogg: 62fdf1f143b41e24485cea50d1cbac27 -> 
  custom:video-decoder-webm-vp8: 9c59270c3fd7afecdb556c50c9e8de78 -> 
  custom:audio-decoder-ogg-vorbis: bf7c407c2cedff20999df2af8eb42d56 -> 
========================================================================
Received Prepare
Refreshing native plugins compatible for Editor in 6.32 ms, found 9 plugins.
Preloading 0 native plugins for Editor in 0.00 ms.
Unloading 39 Unused Serialized files (Serialized files now loaded: 0)
Unloading 39 unused Assets / (108.6 KB). Loaded Objects now: 5011.
Memory consumption went from 65.5 MB to 65.4 MB.
Total: 5.160400 ms (FindLiveObjects: 1.424300 ms CreateObjectMapping: 0.836500 ms MarkObjects: 2.798500 ms  DeleteObjects: 0.099800 ms)

AssetImportParameters requested are different than current active one (requested -> active):
  custom:video-decoder-ogg-theora: a1e56fd34408186e4bbccfd4996cb3dc -> 
  custom:container-muxer-webm: aa71ff27fc2769a1b78a27578f13a17b -> 
  custom:container-demuxer-webm: 4f35f7cbe854078d1ac9338744f61a02 -> 
  custom:video-encoder-webm-vp8: eb34c28f22e8b96e1ab97ce403110664 -> 
  custom:audio-encoder-webm-vorbis: bf7c407c2cedff20999df2af8eb42d56 -> 
  custom:framework-win-MediaFoundation: 216162199b28c13a410421893ffa2e32 -> 
  custom:container-demuxer-ogg: 62fdf1f143b41e24485cea50d1cbac27 -> 
  custom:video-decoder-webm-vp8: 9c59270c3fd7afecdb556c50c9e8de78 -> 
  custom:audio-decoder-ogg-vorbis: bf7c407c2cedff20999df2af8eb42d56 -> 
========================================================================
Received Import Request.
  Time since last request: 1070.262854 seconds.
  path: Assets/Game/Materials/MatProjectile.mat
  artifactKey: Guid(3e897d53dc601e64aacf00ef7a35664c) Importer(815301076,1909f56bfc062723c751e8b465ee728b)
Start importing Assets/Game/Materials/MatProjectile.mat using Guid(3e897d53dc601e64aacf00ef7a35664c) Importer(815301076,1909f56bfc062723c751e8b465ee728b)  -> (artifact id: 'b412ebe058570883e61275cabf7dd9f3') in 0.384510 seconds 
========================================================================
Received Import Request.
  Time since last request: 25.603356 seconds.
  path: Assets/Game/Prefabs/TestSphere.prefab
  artifactKey: Guid(fb172d1d0ace1fb488a2851a358c5618) Importer(815301076,1909f56bfc062723c751e8b465ee728b)
Start importing Assets/Game/Prefabs/TestSphere.prefab using Guid(fb172d1d0ace1fb488a2851a358c5618) Importer(815301076,1909f56bfc062723c751e8b465ee728b)  -> (artifact id: '05aa1571b86061114a871c0baf4a1048') in 0.096892 seconds 
========================================================================
Received Prepare
Registering precompiled user dll's ...
Registered in 0.007598 seconds.
Begin MonoManager ReloadAssembly
Symbol file LoadedFromMemory doesn't match image H:\GameDev\Unity Projects\markerbasedAR\Library\PackageCache\com.unity.visualscripting@1.7.6\Editor\VisualScripting.Core\Dependencies\DotNetZip\Unity.VisualScripting.IonicZip.dll
Symbol file LoadedFromMemory doesn't match image H:\GameDev\Unity Projects\markerbasedAR\Library\PackageCache\com.unity.visualscripting@1.7.6\Editor\VisualScripting.Core\Dependencies\YamlDotNet\Unity.VisualScripting.YamlDotNet.dll
Native extension for WindowsStandalone target not found
Native extension for Android target not found
Refreshing native plugins compatible for Editor in 2.16 ms, found 9 plugins.
Preloading 0 native plugins for Editor in 0.00 ms.
Mono: successfully reloaded assembly
- Completed reload, in  1.321 seconds
Domain Reload Profiling:
	ReloadAssembly (1322ms)
		BeginReloadAssembly (132ms)
			ExecutionOrderSort (0ms)
			DisableScriptedObjects (4ms)
			BackupInstance (0ms)
			ReleaseScriptingObjects (0ms)
			CreateAndSetChildDomain (44ms)
		EndReloadAssembly (1089ms)
			LoadAssemblies (95ms)
			RebuildTransferFunctionScriptingTraits (0ms)
			SetupTypeCache (368ms)
			ReleaseScriptCaches (2ms)
			RebuildScriptCaches (59ms)
			SetupLoadedEditorAssemblies (446ms)
				LogAssemblyErrors (0ms)
				InitializePlatformSupportModulesInManaged (29ms)
				SetLoadedEditorAssemblies (1ms)
				RefreshPlugins (2ms)
				BeforeProcessingInitializeOnLoad (102ms)
				ProcessInitializeOnLoadAttributes (278ms)
				ProcessInitializeOnLoadMethodAttributes (29ms)
				AfterProcessingInitializeOnLoad (5ms)
				EditorAssembliesLoaded (0ms)
			ExecutionOrderSort2 (0ms)
			AwakeInstancesAfterBackupRestoration (6ms)
Platform modules already initialized, skipping
Refreshing native plugins compatible for Editor in 13.01 ms, found 9 plugins.
Preloading 0 native plugins for Editor in 0.00 ms.
Unloading 4506 Unused Serialized files (Serialized files now loaded: 0)
Unloading 40 unused Assets / (128.2 KB). Loaded Objects now: 5053.
Memory consumption went from 159.7 MB to 159.5 MB.
Total: 3.370800 ms (FindLiveObjects: 0.357000 ms CreateObjectMapping: 0.205600 ms MarkObjects: 2.699900 ms  DeleteObjects: 0.106100 ms)

AssetImportParameters requested are different than current active one (requested -> active):
  custom:video-decoder-ogg-theora: a1e56fd34408186e4bbccfd4996cb3dc -> 
  custom:container-muxer-webm: aa71ff27fc2769a1b78a27578f13a17b -> 
  custom:container-demuxer-webm: 4f35f7cbe854078d1ac9338744f61a02 -> 
  custom:video-encoder-webm-vp8: eb34c28f22e8b96e1ab97ce403110664 -> 
  custom:audio-encoder-webm-vorbis: bf7c407c2cedff20999df2af8eb42d56 -> 
  custom:framework-win-MediaFoundation: 216162199b28c13a410421893ffa2e32 -> 
  custom:container-demuxer-ogg: 62fdf1f143b41e24485cea50d1cbac27 -> 
  custom:video-decoder-webm-vp8: 9c59270c3fd7afecdb556c50c9e8de78 -> 
  custom:audio-decoder-ogg-vorbis: bf7c407c2cedff20999df2af8eb42d56 -> 
========================================================================
Received Import Request.
  Time since last request: 286.507515 seconds.
  path: Assets/Game/Prefabs/GameplayPrefab.prefab
  artifactKey: Guid(78ac7ddc6cab4b04bb6eed0d20dbcc22) Importer(815301076,1909f56bfc062723c751e8b465ee728b)
Start importing Assets/Game/Prefabs/GameplayPrefab.prefab using Guid(78ac7ddc6cab4b04bb6eed0d20dbcc22) Importer(815301076,1909f56bfc062723c751e8b465ee728b)  -> (artifact id: '39ebcb4f85c04a15e26ab9564f03057f') in 0.032968 seconds 
========================================================================
Received Import Request.
  Time since last request: 0.000014 seconds.
  path: Assets/Game/Prefabs/TestSphere.prefab
  artifactKey: Guid(fb172d1d0ace1fb488a2851a358c5618) Importer(815301076,1909f56bfc062723c751e8b465ee728b)
Start importing Assets/Game/Prefabs/TestSphere.prefab using Guid(fb172d1d0ace1fb488a2851a358c5618) Importer(815301076,1909f56bfc062723c751e8b465ee728b)  -> (artifact id: 'ec84050679c0e753009df81c8fe85414') in 0.054966 seconds 
========================================================================
Received Prepare
Refreshing native plugins compatible for Editor in 8.18 ms, found 9 plugins.
Preloading 0 native plugins for Editor in 0.00 ms.
Unloading 40 Unused Serialized files (Serialized files now loaded: 0)
Unloading 41 unused Assets / (109.3 KB). Loaded Objects now: 5055.
Memory consumption went from 70.2 MB to 70.1 MB.
Total: 4.053200 ms (FindLiveObjects: 0.305200 ms CreateObjectMapping: 0.220100 ms MarkObjects: 3.404200 ms  DeleteObjects: 0.122800 ms)

AssetImportParameters requested are different than current active one (requested -> active):
  custom:video-decoder-ogg-theora: a1e56fd34408186e4bbccfd4996cb3dc -> 
  custom:container-muxer-webm: aa71ff27fc2769a1b78a27578f13a17b -> 
  custom:container-demuxer-webm: 4f35f7cbe854078d1ac9338744f61a02 -> 
  custom:video-encoder-webm-vp8: eb34c28f22e8b96e1ab97ce403110664 -> 
  custom:audio-encoder-webm-vorbis: bf7c407c2cedff20999df2af8eb42d56 -> 
  custom:framework-win-MediaFoundation: 216162199b28c13a410421893ffa2e32 -> 
  custom:container-demuxer-ogg: 62fdf1f143b41e24485cea50d1cbac27 -> 
  custom:video-decoder-webm-vp8: 9c59270c3fd7afecdb556c50c9e8de78 -> 
  custom:audio-decoder-ogg-vorbis: bf7c407c2cedff20999df2af8eb42d56 -> 
========================================================================
Received Import Request.
  Time since last request: 216.791083 seconds.
  path: Assets/Game/XR
  artifactKey: Guid(09f6cbef8d4c76f4c96114ae9028cdb4) Importer(815301076,1909f56bfc062723c751e8b465ee728b)
Start importing Assets/Game/XR using Guid(09f6cbef8d4c76f4c96114ae9028cdb4) Importer(815301076,1909f56bfc062723c751e8b465ee728b)  -> (artifact id: '5146e0632e3f8649ff58a36ce3f11f38') in 0.016154 seconds 
========================================================================
Received Import Request.
  Time since last request: 0.038279 seconds.
  path: Assets/Game/XR/marker.jpg
  artifactKey: Guid(21a3f58a69b075f48b38300015cf01ea) Importer(815301076,1909f56bfc062723c751e8b465ee728b)
Start importing Assets/Game/XR/marker.jpg using Guid(21a3f58a69b075f48b38300015cf01ea) Importer(815301076,1909f56bfc062723c751e8b465ee728b)  -> (artifact id: '979b1d45adea0a6b0ce7cc9c85fe9e7c') in 0.034934 seconds 
========================================================================
Received Import Request.
  Time since last request: 0.000017 seconds.
  path: Assets/Game/XR/ReferenceImageLibrary.asset
  artifactKey: Guid(7ca9736d6a2f60149a178affad8fc01d) Importer(815301076,1909f56bfc062723c751e8b465ee728b)
Start importing Assets/Game/XR/ReferenceImageLibrary.asset using Guid(7ca9736d6a2f60149a178affad8fc01d) Importer(815301076,1909f56bfc062723c751e8b465ee728b)  -> (artifact id: '887bfa49c799edcce0f86de43458f85f') in 0.039585 seconds 
========================================================================
Received Prepare
Registering precompiled user dll's ...
Registered in 0.013927 seconds.
Begin MonoManager ReloadAssembly
Symbol file LoadedFromMemory doesn't match image H:\GameDev\Unity Projects\markerbasedAR\Library\PackageCache\com.unity.visualscripting@1.7.6\Editor\VisualScripting.Core\Dependencies\DotNetZip\Unity.VisualScripting.IonicZip.dll
Symbol file LoadedFromMemory doesn't match image H:\GameDev\Unity Projects\markerbasedAR\Library\PackageCache\com.unity.visualscripting@1.7.6\Editor\VisualScripting.Core\Dependencies\YamlDotNet\Unity.VisualScripting.YamlDotNet.dll
Native extension for WindowsStandalone target not found
Native extension for Android target not found
Refreshing native plugins compatible for Editor in 1.08 ms, found 9 plugins.
Preloading 0 native plugins for Editor in 0.00 ms.
Mono: successfully reloaded assembly
- Completed reload, in  1.187 seconds
Domain Reload Profiling:
	ReloadAssembly (1187ms)
		BeginReloadAssembly (135ms)
			ExecutionOrderSort (0ms)
			DisableScriptedObjects (4ms)
			BackupInstance (0ms)
			ReleaseScriptingObjects (0ms)
			CreateAndSetChildDomain (44ms)
		EndReloadAssembly (961ms)
			LoadAssemblies (88ms)
			RebuildTransferFunctionScriptingTraits (0ms)
			SetupTypeCache (301ms)
			ReleaseScriptCaches (1ms)
			RebuildScriptCaches (44ms)
			SetupLoadedEditorAssemblies (468ms)
				LogAssemblyErrors (0ms)
				InitializePlatformSupportModulesInManaged (24ms)
				SetLoadedEditorAssemblies (1ms)
				RefreshPlugins (1ms)
				BeforeProcessingInitializeOnLoad (108ms)
				ProcessInitializeOnLoadAttributes (301ms)
				ProcessInitializeOnLoadMethodAttributes (30ms)
				AfterProcessingInitializeOnLoad (3ms)
				EditorAssembliesLoaded (0ms)
			ExecutionOrderSort2 (0ms)
			AwakeInstancesAfterBackupRestoration (7ms)
Platform modules already initialized, skipping
Refreshing native plugins compatible for Editor in 3.68 ms, found 9 plugins.
Preloading 0 native plugins for Editor in 0.00 ms.
Unloading 4506 Unused Serialized files (Serialized files now loaded: 0)
Unloading 39 unused Assets / (111.2 KB). Loaded Objects now: 5058.
Memory consumption went from 159.7 MB to 159.6 MB.
Total: 3.591500 ms (FindLiveObjects: 0.289400 ms CreateObjectMapping: 0.198100 ms MarkObjects: 3.003900 ms  DeleteObjects: 0.099000 ms)

AssetImportParameters requested are different than current active one (requested -> active):
  custom:video-decoder-ogg-theora: a1e56fd34408186e4bbccfd4996cb3dc -> 
  custom:container-muxer-webm: aa71ff27fc2769a1b78a27578f13a17b -> 
  custom:container-demuxer-webm: 4f35f7cbe854078d1ac9338744f61a02 -> 
  custom:video-encoder-webm-vp8: eb34c28f22e8b96e1ab97ce403110664 -> 
  custom:audio-encoder-webm-vorbis: bf7c407c2cedff20999df2af8eb42d56 -> 
  custom:framework-win-MediaFoundation: 216162199b28c13a410421893ffa2e32 -> 
  custom:container-demuxer-ogg: 62fdf1f143b41e24485cea50d1cbac27 -> 
  custom:video-decoder-webm-vp8: 9c59270c3fd7afecdb556c50c9e8de78 -> 
  custom:audio-decoder-ogg-vorbis: bf7c407c2cedff20999df2af8eb42d56 -> 
========================================================================
Received Import Request.
  Time since last request: 195.879437 seconds.
  path: Assets/Game/XR/ReferenceImageLibrary.asset
  artifactKey: Guid(7ca9736d6a2f60149a178affad8fc01d) Importer(815301076,1909f56bfc062723c751e8b465ee728b)
Start importing Assets/Game/XR/ReferenceImageLibrary.asset using Guid(7ca9736d6a2f60149a178affad8fc01d) Importer(815301076,1909f56bfc062723c751e8b465ee728b)  -> (artifact id: '4871fa59dad0c49b12e763f8e5d41ff1') in 0.037784 seconds 
========================================================================
Received Prepare
Refreshing native plugins compatible for Editor in 6.54 ms, found 9 plugins.
Preloading 0 native plugins for Editor in 0.00 ms.
Unloading 39 Unused Serialized files (Serialized files now loaded: 0)
Unloading 39 unused Assets / (108.6 KB). Loaded Objects now: 5058.
Memory consumption went from 70.1 MB to 70.0 MB.
Total: 6.226100 ms (FindLiveObjects: 0.309700 ms CreateObjectMapping: 0.194600 ms MarkObjects: 5.084200 ms  DeleteObjects: 0.636600 ms)

AssetImportParameters requested are different than current active one (requested -> active):
  custom:video-decoder-ogg-theora: a1e56fd34408186e4bbccfd4996cb3dc -> 
  custom:container-muxer-webm: aa71ff27fc2769a1b78a27578f13a17b -> 
  custom:container-demuxer-webm: 4f35f7cbe854078d1ac9338744f61a02 -> 
  custom:video-encoder-webm-vp8: eb34c28f22e8b96e1ab97ce403110664 -> 
  custom:audio-encoder-webm-vorbis: bf7c407c2cedff20999df2af8eb42d56 -> 
  custom:framework-win-MediaFoundation: 216162199b28c13a410421893ffa2e32 -> 
  custom:container-demuxer-ogg: 62fdf1f143b41e24485cea50d1cbac27 -> 
  custom:video-decoder-webm-vp8: 9c59270c3fd7afecdb556c50c9e8de78 -> 
  custom:audio-decoder-ogg-vorbis: bf7c407c2cedff20999df2af8eb42d56 -> 
========================================================================
Received Prepare
Registering precompiled user dll's ...
Registered in 0.006672 seconds.
Begin MonoManager ReloadAssembly
Symbol file LoadedFromMemory doesn't match image H:\GameDev\Unity Projects\markerbasedAR\Library\PackageCache\com.unity.visualscripting@1.7.6\Editor\VisualScripting.Core\Dependencies\DotNetZip\Unity.VisualScripting.IonicZip.dll
Symbol file LoadedFromMemory doesn't match image H:\GameDev\Unity Projects\markerbasedAR\Library\PackageCache\com.unity.visualscripting@1.7.6\Editor\VisualScripting.Core\Dependencies\YamlDotNet\Unity.VisualScripting.YamlDotNet.dll
Native extension for WindowsStandalone target not found
Native extension for Android target not found
Refreshing native plugins compatible for Editor in 0.81 ms, found 9 plugins.
Preloading 0 native plugins for Editor in 0.00 ms.
Mono: successfully reloaded assembly
- Completed reload, in  1.553 seconds
Domain Reload Profiling:
	ReloadAssembly (1554ms)
		BeginReloadAssembly (158ms)
			ExecutionOrderSort (0ms)
			DisableScriptedObjects (8ms)
			BackupInstance (0ms)
			ReleaseScriptingObjects (0ms)
			CreateAndSetChildDomain (42ms)
		EndReloadAssembly (1288ms)
			LoadAssemblies (103ms)
			RebuildTransferFunctionScriptingTraits (0ms)
			SetupTypeCache (358ms)
			ReleaseScriptCaches (3ms)
			RebuildScriptCaches (118ms)
			SetupLoadedEditorAssemblies (593ms)
				LogAssemblyErrors (0ms)
				InitializePlatformSupportModulesInManaged (23ms)
				SetLoadedEditorAssemblies (0ms)
				RefreshPlugins (1ms)
				BeforeProcessingInitializeOnLoad (149ms)
				ProcessInitializeOnLoadAttributes (383ms)
				ProcessInitializeOnLoadMethodAttributes (33ms)
				AfterProcessingInitializeOnLoad (3ms)
				EditorAssembliesLoaded (0ms)
			ExecutionOrderSort2 (0ms)
			AwakeInstancesAfterBackupRestoration (8ms)
Platform modules already initialized, skipping
Refreshing native plugins compatible for Editor in 4.12 ms, found 9 plugins.
Preloading 0 native plugins for Editor in 0.00 ms.
Unloading 4506 Unused Serialized files (Serialized files now loaded: 0)
Unloading 39 unused Assets / (111.3 KB). Loaded Objects now: 5062.
Memory consumption went from 159.7 MB to 159.6 MB.
Total: 3.431700 ms (FindLiveObjects: 0.307200 ms CreateObjectMapping: 0.220400 ms MarkObjects: 2.780900 ms  DeleteObjects: 0.122300 ms)

AssetImportParameters requested are different than current active one (requested -> active):
  custom:video-decoder-ogg-theora: a1e56fd34408186e4bbccfd4996cb3dc -> 
  custom:container-muxer-webm: aa71ff27fc2769a1b78a27578f13a17b -> 
  custom:container-demuxer-webm: 4f35f7cbe854078d1ac9338744f61a02 -> 
  custom:video-encoder-webm-vp8: eb34c28f22e8b96e1ab97ce403110664 -> 
  custom:audio-encoder-webm-vorbis: bf7c407c2cedff20999df2af8eb42d56 -> 
  custom:framework-win-MediaFoundation: 216162199b28c13a410421893ffa2e32 -> 
  custom:container-demuxer-ogg: 62fdf1f143b41e24485cea50d1cbac27 -> 
  custom:video-decoder-webm-vp8: 9c59270c3fd7afecdb556c50c9e8de78 -> 
  custom:audio-decoder-ogg-vorbis: bf7c407c2cedff20999df2af8eb42d56 -> 
========================================================================
Received Import Request.
  Time since last request: 915.571242 seconds.
  path: Assets/Game/XR/ReferenceImageLibrary.asset
  artifactKey: Guid(7ca9736d6a2f60149a178affad8fc01d) Importer(815301076,1909f56bfc062723c751e8b465ee728b)
Start importing Assets/Game/XR/ReferenceImageLibrary.asset using Guid(7ca9736d6a2f60149a178affad8fc01d) Importer(815301076,1909f56bfc062723c751e8b465ee728b)  -> (artifact id: '94fb6fcfc4c68e5e9b29883ee970bf0b') in 0.046702 seconds 
========================================================================
Received Prepare
Refreshing native plugins compatible for Editor in 9.04 ms, found 9 plugins.
Preloading 0 native plugins for Editor in 0.00 ms.
Unloading 39 Unused Serialized files (Serialized files now loaded: 0)
Unloading 39 unused Assets / (108.7 KB). Loaded Objects now: 5062.
Memory consumption went from 70.1 MB to 70.0 MB.
Total: 3.431800 ms (FindLiveObjects: 0.288100 ms CreateObjectMapping: 0.209300 ms MarkObjects: 2.837800 ms  DeleteObjects: 0.095700 ms)

AssetImportParameters requested are different than current active one (requested -> active):
  custom:video-decoder-ogg-theora: a1e56fd34408186e4bbccfd4996cb3dc -> 
  custom:container-muxer-webm: aa71ff27fc2769a1b78a27578f13a17b -> 
  custom:container-demuxer-webm: 4f35f7cbe854078d1ac9338744f61a02 -> 
  custom:video-encoder-webm-vp8: eb34c28f22e8b96e1ab97ce403110664 -> 
  custom:audio-encoder-webm-vorbis: bf7c407c2cedff20999df2af8eb42d56 -> 
  custom:framework-win-MediaFoundation: 216162199b28c13a410421893ffa2e32 -> 
  custom:container-demuxer-ogg: 62fdf1f143b41e24485cea50d1cbac27 -> 
  custom:video-decoder-webm-vp8: 9c59270c3fd7afecdb556c50c9e8de78 -> 
  custom:audio-decoder-ogg-vorbis: bf7c407c2cedff20999df2af8eb42d56 -> 
========================================================================
Received Import Request.
  Time since last request: 48.216017 seconds.
  path: Assets/Game/XR/ReferenceImageLibrary.asset
  artifactKey: Guid(7ca9736d6a2f60149a178affad8fc01d) Importer(815301076,1909f56bfc062723c751e8b465ee728b)
Start importing Assets/Game/XR/ReferenceImageLibrary.asset using Guid(7ca9736d6a2f60149a178affad8fc01d) Importer(815301076,1909f56bfc062723c751e8b465ee728b)  -> (artifact id: '7003383599051f265c03b9449a670e33') in 0.012591 seconds 
========================================================================
Received Import Request.
  Time since last request: 268.094446 seconds.
  path: Assets/Game/Prefabs/GameplayPrefab.prefab
  artifactKey: Guid(78ac7ddc6cab4b04bb6eed0d20dbcc22) Importer(815301076,1909f56bfc062723c751e8b465ee728b)
Start importing Assets/Game/Prefabs/GameplayPrefab.prefab using Guid(78ac7ddc6cab4b04bb6eed0d20dbcc22) Importer(815301076,1909f56bfc062723c751e8b465ee728b)  -> (artifact id: 'e1137648d803ca8fff0bbfba8d421beb') in 0.018472 seconds 
